  [1m[35m (1.0ms)[0m  [1m[35mCREATE TABLE "schema_migrations" ("version" varchar NOT NULL PRIMARY KEY)[0m
  [1m[35m (0.1ms)[0m  [1m[35mCREATE TABLE "ar_internal_metadata" ("key" varchar NOT NULL PRIMARY KEY, "value" varchar, "created_at" datetime(6) NOT NULL, "updated_at" datetime(6) NOT NULL)[0m
  [1m[36mActiveRecord::SchemaMigration Load (0.1ms)[0m  [1m[34mSELECT "schema_migrations"."version" FROM "schema_migrations" ORDER BY "schema_migrations"."version" ASC[0m
  [1m[36mActiveRecord::SchemaMigration Load (0.1ms)[0m  [1m[34mSELECT "schema_migrations"."version" FROM "schema_migrations" ORDER BY "schema_migrations"."version" ASC[0m
  [1m[36mActiveRecord::SchemaMigration Load (0.1ms)[0m  [1m[34mSELECT "schema_migrations"."version" FROM "schema_migrations" ORDER BY "schema_migrations"."version" ASC[0m
  [1m[36mActiveRecord::SchemaMigration Load (0.3ms)[0m  [1m[34mSELECT "schema_migrations"."version" FROM "schema_migrations" ORDER BY "schema_migrations"."version" ASC[0m
  [1m[36mActiveRecord::InternalMetadata Load (0.1ms)[0m  [1m[34mSELECT * FROM "ar_internal_metadata" WHERE "ar_internal_metadata"."key" = ? ORDER BY "ar_internal_metadata"."key" ASC LIMIT 1[0m  [[nil, "environment"]]
  [1m[36mActiveRecord::InternalMetadata Create (0.2ms)[0m  [1m[32mINSERT INTO "ar_internal_metadata" ("key", "value", "created_at", "updated_at") VALUES ('environment', 'development', '2024-11-11 22:01:04.518075', '2024-11-11 22:01:04.518077') RETURNING "key"[0m
  [1m[36mActiveRecord::SchemaMigration Load (0.0ms)[0m  [1m[34mSELECT "schema_migrations"."version" FROM "schema_migrations" ORDER BY "schema_migrations"."version" ASC[0m
Migrating to CreateUsers (20241111214751)
  [1m[36mTRANSACTION (0.0ms)[0m  [1m[36mbegin transaction[0m
  [1m[35m (0.5ms)[0m  [1m[35mCREATE TABLE "users" ("id" integer PRIMARY KEY AUTOINCREMENT NOT NULL, "first_name" varchar, "last_name" varchar, "image" varchar, "created_at" datetime(6) NOT NULL, "updated_at" datetime(6) NOT NULL)[0m
  [1m[36mActiveRecord::SchemaMigration Create (0.0ms)[0m  [1m[32mINSERT INTO "schema_migrations" ("version") VALUES ('20241111214751') RETURNING "version"[0m
  [1m[36mTRANSACTION (0.1ms)[0m  [1m[36mcommit transaction[0m
  [1m[36mActiveRecord::SchemaMigration Load (0.0ms)[0m  [1m[34mSELECT "schema_migrations"."version" FROM "schema_migrations" ORDER BY "schema_migrations"."version" ASC[0m
  [1m[36mActiveRecord::SchemaMigration Load (0.3ms)[0m  [1m[34mSELECT "schema_migrations"."version" FROM "schema_migrations" ORDER BY "schema_migrations"."version" ASC[0m
  [1m[36mActiveRecord::SchemaMigration Load (0.1ms)[0m  [1m[34mSELECT "schema_migrations"."version" FROM "schema_migrations" ORDER BY "schema_migrations"."version" ASC[0m
  [1m[36mActiveRecord::SchemaMigration Load (0.1ms)[0m  [1m[34mSELECT "schema_migrations"."version" FROM "schema_migrations" ORDER BY "schema_migrations"."version" ASC[0m
  [1m[36mActiveRecord::SchemaMigration Load (0.1ms)[0m  [1m[34mSELECT "schema_migrations"."version" FROM "schema_migrations" ORDER BY "schema_migrations"."version" ASC[0m
Started GET "/" for ::1 at 2024-11-16 22:36:52 +0000
  [1m[36mActiveRecord::SchemaMigration Load (0.1ms)[0m  [1m[34mSELECT "schema_migrations"."version" FROM "schema_migrations" ORDER BY "schema_migrations"."version" ASC[0m
  
ActionController::RoutingError (uninitialized constant HomeController):

Causes:
ActionDispatch::MissingController (uninitialized constant HomeController)
NameError (uninitialized constant HomeController)
  
Started GET "/favicon.ico" for ::1 at 2024-11-16 22:36:53 +0000
  
ActionController::RoutingError (No route matches [GET] "/favicon.ico"):
  
Started GET "/" for ::1 at 2024-11-16 22:37:22 +0000
  
AbstractController::ActionNotFound (The action 'index' could not be found for HomeController):
  
actionpack (7.2.2) lib/abstract_controller/base.rb:158:in `process'
actionview (7.2.2) lib/action_view/rendering.rb:40:in `process'
actionpack (7.2.2) lib/action_controller/metal.rb:252:in `dispatch'
actionpack (7.2.2) lib/action_controller/metal.rb:335:in `dispatch'
actionpack (7.2.2) lib/action_dispatch/routing/route_set.rb:67:in `dispatch'
actionpack (7.2.2) lib/action_dispatch/routing/route_set.rb:50:in `serve'
actionpack (7.2.2) lib/action_dispatch/journey/router.rb:53:in `block in serve'
actionpack (7.2.2) lib/action_dispatch/journey/router.rb:133:in `block in find_routes'
actionpack (7.2.2) lib/action_dispatch/journey/router.rb:126:in `each'
actionpack (7.2.2) lib/action_dispatch/journey/router.rb:126:in `find_routes'
actionpack (7.2.2) lib/action_dispatch/journey/router.rb:34:in `serve'
actionpack (7.2.2) lib/action_dispatch/routing/route_set.rb:896:in `call'
warden (1.2.9) lib/warden/manager.rb:36:in `block in call'
warden (1.2.9) lib/warden/manager.rb:34:in `catch'
warden (1.2.9) lib/warden/manager.rb:34:in `call'
rack (3.1.8) lib/rack/tempfile_reaper.rb:20:in `call'
rack (3.1.8) lib/rack/etag.rb:29:in `call'
rack (3.1.8) lib/rack/conditional_get.rb:31:in `call'
rack (3.1.8) lib/rack/head.rb:15:in `call'
actionpack (7.2.2) lib/action_dispatch/http/permissions_policy.rb:38:in `call'
actionpack (7.2.2) lib/action_dispatch/http/content_security_policy.rb:35:in `call'
rack-session (2.0.0) lib/rack/session/abstract/id.rb:272:in `context'
rack-session (2.0.0) lib/rack/session/abstract/id.rb:266:in `call'
actionpack (7.2.2) lib/action_dispatch/middleware/cookies.rb:704:in `call'
activerecord (7.2.2) lib/active_record/migration.rb:674:in `call'
actionpack (7.2.2) lib/action_dispatch/middleware/callbacks.rb:31:in `block in call'
activesupport (7.2.2) lib/active_support/callbacks.rb:101:in `run_callbacks'
actionpack (7.2.2) lib/action_dispatch/middleware/callbacks.rb:30:in `call'
actionpack (7.2.2) lib/action_dispatch/middleware/executor.rb:16:in `call'
actionpack (7.2.2) lib/action_dispatch/middleware/actionable_exceptions.rb:18:in `call'
actionpack (7.2.2) lib/action_dispatch/middleware/debug_exceptions.rb:31:in `call'
web-console (4.2.1) lib/web_console/middleware.rb:132:in `call_app'
web-console (4.2.1) lib/web_console/middleware.rb:28:in `block in call'
web-console (4.2.1) lib/web_console/middleware.rb:17:in `catch'
web-console (4.2.1) lib/web_console/middleware.rb:17:in `call'
actionpack (7.2.2) lib/action_dispatch/middleware/show_exceptions.rb:32:in `call'
railties (7.2.2) lib/rails/rack/logger.rb:41:in `call_app'
railties (7.2.2) lib/rails/rack/logger.rb:29:in `call'
sprockets-rails (3.5.2) lib/sprockets/rails/quiet_assets.rb:17:in `call'
actionpack (7.2.2) lib/action_dispatch/middleware/remote_ip.rb:96:in `call'
actionpack (7.2.2) lib/action_dispatch/middleware/request_id.rb:33:in `call'
rack (3.1.8) lib/rack/method_override.rb:28:in `call'
rack (3.1.8) lib/rack/runtime.rb:24:in `call'
activesupport (7.2.2) lib/active_support/cache/strategy/local_cache_middleware.rb:29:in `call'
actionpack (7.2.2) lib/action_dispatch/middleware/server_timing.rb:61:in `block in call'
actionpack (7.2.2) lib/action_dispatch/middleware/server_timing.rb:26:in `collect_events'
actionpack (7.2.2) lib/action_dispatch/middleware/server_timing.rb:60:in `call'
actionpack (7.2.2) lib/action_dispatch/middleware/executor.rb:16:in `call'
actionpack (7.2.2) lib/action_dispatch/middleware/static.rb:27:in `call'
rack (3.1.8) lib/rack/sendfile.rb:114:in `call'
actionpack (7.2.2) lib/action_dispatch/middleware/host_authorization.rb:143:in `call'
railties (7.2.2) lib/rails/engine.rb:535:in `call'
puma (6.4.3) lib/puma/configuration.rb:272:in `call'
puma (6.4.3) lib/puma/request.rb:100:in `block in handle_request'
puma (6.4.3) lib/puma/thread_pool.rb:378:in `with_force_shutdown'
puma (6.4.3) lib/puma/request.rb:99:in `handle_request'
puma (6.4.3) lib/puma/server.rb:464:in `process_client'
puma (6.4.3) lib/puma/server.rb:245:in `block in run'
puma (6.4.3) lib/puma/thread_pool.rb:155:in `block in spawn_thread'
Started GET "/" for ::1 at 2024-11-16 22:37:59 +0000
Processing by HomeController#index as HTML
Completed 406 Not Acceptable in 30ms (ActiveRecord: 0.0ms (0 queries, 0 cached) | GC: 3.2ms)


  
ActionController::MissingExactTemplate (HomeController#index is missing a template for request formats: text/html):
  
actionpack (7.2.2) lib/action_controller/metal/implicit_render.rb:49:in `default_render'
actionpack (7.2.2) lib/action_controller/metal/basic_implicit_render.rb:9:in `send_action'
actionpack (7.2.2) lib/abstract_controller/base.rb:226:in `process_action'
actionpack (7.2.2) lib/action_controller/metal/rendering.rb:193:in `process_action'
actionpack (7.2.2) lib/abstract_controller/callbacks.rb:261:in `block in process_action'
activesupport (7.2.2) lib/active_support/callbacks.rb:121:in `block in run_callbacks'
turbo-rails (2.0.11) lib/turbo-rails.rb:24:in `with_request_id'
turbo-rails (2.0.11) app/controllers/concerns/turbo/request_id_tracking.rb:10:in `turbo_tracking_request_id'
activesupport (7.2.2) lib/active_support/callbacks.rb:130:in `block in run_callbacks'
actiontext (7.2.2) lib/action_text/rendering.rb:25:in `with_renderer'
actiontext (7.2.2) lib/action_text/engine.rb:71:in `block (4 levels) in <class:Engine>'
activesupport (7.2.2) lib/active_support/callbacks.rb:130:in `instance_exec'
activesupport (7.2.2) lib/active_support/callbacks.rb:130:in `block in run_callbacks'
activesupport (7.2.2) lib/active_support/callbacks.rb:141:in `run_callbacks'
actionpack (7.2.2) lib/abstract_controller/callbacks.rb:260:in `process_action'
actionpack (7.2.2) lib/action_controller/metal/rescue.rb:27:in `process_action'
actionpack (7.2.2) lib/action_controller/metal/instrumentation.rb:77:in `block in process_action'
activesupport (7.2.2) lib/active_support/notifications.rb:210:in `block in instrument'
activesupport (7.2.2) lib/active_support/notifications/instrumenter.rb:58:in `instrument'
activesupport (7.2.2) lib/active_support/notifications.rb:210:in `instrument'
actionpack (7.2.2) lib/action_controller/metal/instrumentation.rb:76:in `process_action'
actionpack (7.2.2) lib/action_controller/metal/params_wrapper.rb:259:in `process_action'
activerecord (7.2.2) lib/active_record/railties/controller_runtime.rb:39:in `process_action'
actionpack (7.2.2) lib/abstract_controller/base.rb:163:in `process'
actionview (7.2.2) lib/action_view/rendering.rb:40:in `process'
actionpack (7.2.2) lib/action_controller/metal.rb:252:in `dispatch'
actionpack (7.2.2) lib/action_controller/metal.rb:335:in `dispatch'
actionpack (7.2.2) lib/action_dispatch/routing/route_set.rb:67:in `dispatch'
actionpack (7.2.2) lib/action_dispatch/routing/route_set.rb:50:in `serve'
actionpack (7.2.2) lib/action_dispatch/journey/router.rb:53:in `block in serve'
actionpack (7.2.2) lib/action_dispatch/journey/router.rb:133:in `block in find_routes'
actionpack (7.2.2) lib/action_dispatch/journey/router.rb:126:in `each'
actionpack (7.2.2) lib/action_dispatch/journey/router.rb:126:in `find_routes'
actionpack (7.2.2) lib/action_dispatch/journey/router.rb:34:in `serve'
actionpack (7.2.2) lib/action_dispatch/routing/route_set.rb:896:in `call'
warden (1.2.9) lib/warden/manager.rb:36:in `block in call'
warden (1.2.9) lib/warden/manager.rb:34:in `catch'
warden (1.2.9) lib/warden/manager.rb:34:in `call'
rack (3.1.8) lib/rack/tempfile_reaper.rb:20:in `call'
rack (3.1.8) lib/rack/etag.rb:29:in `call'
rack (3.1.8) lib/rack/conditional_get.rb:31:in `call'
rack (3.1.8) lib/rack/head.rb:15:in `call'
actionpack (7.2.2) lib/action_dispatch/http/permissions_policy.rb:38:in `call'
actionpack (7.2.2) lib/action_dispatch/http/content_security_policy.rb:35:in `call'
rack-session (2.0.0) lib/rack/session/abstract/id.rb:272:in `context'
rack-session (2.0.0) lib/rack/session/abstract/id.rb:266:in `call'
actionpack (7.2.2) lib/action_dispatch/middleware/cookies.rb:704:in `call'
activerecord (7.2.2) lib/active_record/migration.rb:674:in `call'
actionpack (7.2.2) lib/action_dispatch/middleware/callbacks.rb:31:in `block in call'
activesupport (7.2.2) lib/active_support/callbacks.rb:101:in `run_callbacks'
actionpack (7.2.2) lib/action_dispatch/middleware/callbacks.rb:30:in `call'
actionpack (7.2.2) lib/action_dispatch/middleware/executor.rb:16:in `call'
actionpack (7.2.2) lib/action_dispatch/middleware/actionable_exceptions.rb:18:in `call'
actionpack (7.2.2) lib/action_dispatch/middleware/debug_exceptions.rb:31:in `call'
web-console (4.2.1) lib/web_console/middleware.rb:132:in `call_app'
web-console (4.2.1) lib/web_console/middleware.rb:28:in `block in call'
web-console (4.2.1) lib/web_console/middleware.rb:17:in `catch'
web-console (4.2.1) lib/web_console/middleware.rb:17:in `call'
actionpack (7.2.2) lib/action_dispatch/middleware/show_exceptions.rb:32:in `call'
railties (7.2.2) lib/rails/rack/logger.rb:41:in `call_app'
railties (7.2.2) lib/rails/rack/logger.rb:29:in `call'
sprockets-rails (3.5.2) lib/sprockets/rails/quiet_assets.rb:17:in `call'
actionpack (7.2.2) lib/action_dispatch/middleware/remote_ip.rb:96:in `call'
actionpack (7.2.2) lib/action_dispatch/middleware/request_id.rb:33:in `call'
rack (3.1.8) lib/rack/method_override.rb:28:in `call'
rack (3.1.8) lib/rack/runtime.rb:24:in `call'
activesupport (7.2.2) lib/active_support/cache/strategy/local_cache_middleware.rb:29:in `call'
actionpack (7.2.2) lib/action_dispatch/middleware/server_timing.rb:61:in `block in call'
actionpack (7.2.2) lib/action_dispatch/middleware/server_timing.rb:26:in `collect_events'
actionpack (7.2.2) lib/action_dispatch/middleware/server_timing.rb:60:in `call'
actionpack (7.2.2) lib/action_dispatch/middleware/executor.rb:16:in `call'
actionpack (7.2.2) lib/action_dispatch/middleware/static.rb:27:in `call'
rack (3.1.8) lib/rack/sendfile.rb:114:in `call'
actionpack (7.2.2) lib/action_dispatch/middleware/host_authorization.rb:143:in `call'
railties (7.2.2) lib/rails/engine.rb:535:in `call'
puma (6.4.3) lib/puma/configuration.rb:272:in `call'
puma (6.4.3) lib/puma/request.rb:100:in `block in handle_request'
puma (6.4.3) lib/puma/thread_pool.rb:378:in `with_force_shutdown'
puma (6.4.3) lib/puma/request.rb:99:in `handle_request'
puma (6.4.3) lib/puma/server.rb:464:in `process_client'
puma (6.4.3) lib/puma/server.rb:245:in `block in run'
puma (6.4.3) lib/puma/thread_pool.rb:155:in `block in spawn_thread'
Started GET "/" for ::1 at 2024-11-16 22:38:27 +0000
Processing by HomeController#index as HTML
  Rendering layout layouts/application.html.erb
  Rendering home/index.html.erb within layouts/application
  Rendered home/index.html.erb within layouts/application (Duration: 0.5ms | GC: 0.0ms)
  Rendered layout layouts/application.html.erb (Duration: 0.6ms | GC: 0.0ms)
Completed 500 Internal Server Error in 3ms (ActiveRecord: 0.0ms (0 queries, 0 cached) | GC: 0.0ms)


  
ActionView::Template::Error (undefined local variable or method `page' for #<ActionView::Base:0x00000000015298>):

Causes:
NameError (undefined local variable or method `page' for #<ActionView::Base:0x00000000015298>)
    1: <% Index page %>
  
app/views/home/index.html.erb:1
Started GET "/" for ::1 at 2024-11-16 22:38:49 +0000
Processing by HomeController#index as HTML
  Rendering layout layouts/application.html.erb
  Rendering home/index.html.erb within layouts/application
  Rendered home/index.html.erb within layouts/application (Duration: 0.1ms | GC: 0.0ms)
  Rendered layout layouts/application.html.erb (Duration: 505.1ms | GC: 18.5ms)
Completed 200 OK in 506ms (Views: 505.9ms | ActiveRecord: 0.0ms (0 queries, 0 cached) | GC: 18.5ms)


Started GET "/manifest.json" for ::1 at 2024-11-16 22:38:51 +0000
Processing by Rails::PwaController#manifest as JSON
  Rendering pwa/manifest.json.erb
  Rendered pwa/manifest.json.erb (Duration: 0.4ms | GC: 0.0ms)
Completed 200 OK in 3ms (Views: 2.3ms | ActiveRecord: 0.0ms (0 queries, 0 cached) | GC: 0.0ms)


  [1m[36mCACHE ActiveRecord::SchemaMigration Load (0.1ms)[0m  [1m[34mSELECT "schema_migrations"."version" FROM "schema_migrations" ORDER BY "schema_migrations"."version" ASC[0m
  [1m[36mActiveRecord::SchemaMigration Load (0.1ms)[0m  [1m[34mSELECT "schema_migrations"."version" FROM "schema_migrations" ORDER BY "schema_migrations"."version" ASC[0m
  [1m[36mActiveRecord::InternalMetadata Load (0.0ms)[0m  [1m[34mSELECT * FROM "ar_internal_metadata" WHERE "ar_internal_metadata"."key" = ? ORDER BY "ar_internal_metadata"."key" ASC LIMIT 1[0m  [[nil, "environment"]]
  [1m[36mActiveRecord::SchemaMigration Load (0.0ms)[0m  [1m[34mSELECT "schema_migrations"."version" FROM "schema_migrations" ORDER BY "schema_migrations"."version" ASC[0m
Migrating to AddDeviseToUsers (20241116224005)
  [1m[36mTRANSACTION (0.0ms)[0m  [1m[36mbegin transaction[0m
  [1m[35m (1.2ms)[0m  [1m[35mALTER TABLE "users" ADD "email" varchar DEFAULT '' NOT NULL[0m
  [1m[35m (0.2ms)[0m  [1m[35mALTER TABLE "users" ADD "encrypted_password" varchar DEFAULT '' NOT NULL[0m
  [1m[35m (0.1ms)[0m  [1m[35mALTER TABLE "users" ADD "reset_password_token" varchar[0m
  [1m[35m (0.1ms)[0m  [1m[35mALTER TABLE "users" ADD "reset_password_sent_at" datetime(6)[0m
  [1m[35m (0.1ms)[0m  [1m[35mALTER TABLE "users" ADD "remember_created_at" datetime(6)[0m
  [1m[35m (0.0ms)[0m  [1m[35mCREATE UNIQUE INDEX "index_users_on_email" ON "users" ("email")[0m
  [1m[35m (0.0ms)[0m  [1m[35mCREATE UNIQUE INDEX "index_users_on_reset_password_token" ON "users" ("reset_password_token")[0m
  [1m[36mActiveRecord::SchemaMigration Create (0.0ms)[0m  [1m[32mINSERT INTO "schema_migrations" ("version") VALUES ('20241116224005') RETURNING "version"[0m
  [1m[36mTRANSACTION (0.2ms)[0m  [1m[36mcommit transaction[0m
  [1m[36mActiveRecord::SchemaMigration Load (0.0ms)[0m  [1m[34mSELECT "schema_migrations"."version" FROM "schema_migrations" ORDER BY "schema_migrations"."version" ASC[0m
Started GET "/" for ::1 at 2024-11-16 23:08:16 +0000
  [1m[36mActiveRecord::SchemaMigration Load (0.0ms)[0m  [1m[34mSELECT "schema_migrations"."version" FROM "schema_migrations" ORDER BY "schema_migrations"."version" ASC[0m
Processing by HomeController#index as HTML
  Rendering layout layouts/application.html.erb
  Rendering home/index.html.erb within layouts/application
  Rendered home/index.html.erb within layouts/application (Duration: 0.5ms | GC: 0.4ms)
  Rendered layout layouts/application.html.erb (Duration: 19.3ms | GC: 4.7ms)
Completed 200 OK in 23ms (Views: 21.2ms | ActiveRecord: 0.0ms (0 queries, 0 cached) | GC: 6.2ms)


Started GET "/manifest.json" for ::1 at 2024-11-16 23:08:17 +0000
Processing by Rails::PwaController#manifest as JSON
  Rendering pwa/manifest.json.erb
  Rendered pwa/manifest.json.erb (Duration: 0.2ms | GC: 0.0ms)
Completed 200 OK in 1ms (Views: 1.0ms | ActiveRecord: 0.0ms (0 queries, 0 cached) | GC: 0.0ms)


Started GET "/" for ::1 at 2024-11-16 23:08:20 +0000
Processing by HomeController#index as HTML
  Rendering layout layouts/application.html.erb
  Rendering home/index.html.erb within layouts/application
  Rendered home/index.html.erb within layouts/application (Duration: 0.1ms | GC: 0.0ms)
  Rendered layout layouts/application.html.erb (Duration: 4.0ms | GC: 0.0ms)
Completed 200 OK in 6ms (Views: 4.6ms | ActiveRecord: 0.0ms (0 queries, 0 cached) | GC: 0.0ms)


Started GET "/manifest.json" for ::1 at 2024-11-16 23:08:20 +0000
Processing by Rails::PwaController#manifest as JSON
  Rendering pwa/manifest.json.erb
  Rendered pwa/manifest.json.erb (Duration: 0.1ms | GC: 0.0ms)
Completed 200 OK in 1ms (Views: 0.5ms | ActiveRecord: 0.0ms (0 queries, 0 cached) | GC: 0.0ms)


Started GET "/" for ::1 at 2024-11-16 23:15:09 +0000
Processing by HomeController#index as HTML
  Rendering layout layouts/application.html.erb
  Rendering home/index.html.erb within layouts/application
  Rendered home/index.html.erb within layouts/application (Duration: 0.2ms | GC: 0.0ms)
  Rendered layout layouts/application.html.erb (Duration: 11.3ms | GC: 1.0ms)
Completed 200 OK in 19ms (Views: 12.5ms | ActiveRecord: 0.0ms (0 queries, 0 cached) | GC: 1.0ms)


Started GET "/manifest.json" for ::1 at 2024-11-16 23:15:09 +0000
Processing by Rails::PwaController#manifest as JSON
  Rendering pwa/manifest.json.erb
  Rendered pwa/manifest.json.erb (Duration: 0.4ms | GC: 0.0ms)
Completed 200 OK in 1ms (Views: 1.2ms | ActiveRecord: 0.0ms (0 queries, 0 cached) | GC: 0.0ms)


